<?xml version="1.0" encoding="UTF-8"?>
<!-- Generated by org.testng.reporters.JUnitReportReporter -->
<testsuite hostname="Dell-E5470" failures="0" tests="3" name="automationTest.TestCases.LoginPageTest" time="36.214" errors="0" timestamp="2021-01-27T18:02:51 IST" skipped="0">
  <testcase classname="automationTest.TestCases.LoginPageTest" name="verifyTitleNameTest" time="7.798"/>
  <system-out/>
  <testcase classname="automationTest.TestCases.LoginPageTest" name="virifyLogoTest" time="12.496"/>
  <system-out/>
  <testcase classname="automationTest.TestCases.LoginPageTest" name="loginTest" time="15.920"/>
  <system-out/>
</testsuite> <!-- automationTest.TestCases.LoginPageTest -->
