<?xml version="1.0" encoding="UTF-8"?>
<!-- Generated by org.testng.reporters.JUnitReportReporter -->
<testsuite hostname="Dell-E5470" failures="0" tests="26" name="automationTest.TestCases.HomePageTest" time="517.666" errors="0" timestamp="2021-01-27T18:02:51 IST" skipped="0">
  <testcase classname="automationTest.TestCases.HomePageTest" name="verifyLeft_Side_NAV_products" time="22.262"/>
  <system-out/>
  <testcase classname="automationTest.TestCases.HomePageTest" name="verifyLeft_Side_NAV_customviews" time="21.439"/>
  <system-out/>
  <testcase classname="automationTest.TestCases.HomePageTest" name="verifyLeft_Side_NAV_Blog" time="16.445"/>
  <system-out/>
  <testcase classname="automationTest.TestCases.HomePageTest" name="verifyLeft_Side_NAV_pipeline" time="22.945"/>
  <system-out/>
  <testcase classname="automationTest.TestCases.HomePageTest" name="verifyLeft_Side_NAV_schedule_call" time="20.333"/>
  <system-out/>
  <testcase classname="automationTest.TestCases.HomePageTest" name="verifyLeft_Side_NAV_preferences" time="20.943"/>
  <system-out/>
  <testcase classname="automationTest.TestCases.HomePageTest" name="verifyLeft_Side_NAV_quick_alerts" time="20.978"/>
  <system-out/>
  <testcase classname="automationTest.TestCases.HomePageTest" name="verifyLeft_Side_NAV_call_list" time="21.056"/>
  <system-out/>
  <testcase classname="automationTest.TestCases.HomePageTest" name="verifyLeft_Side_NAV_resources" time="20.901"/>
  <system-out/>
  <testcase classname="automationTest.TestCases.HomePageTest" name="verifyLeft_Side_NAV_team_view" time="19.549"/>
  <system-out/>
  <testcase classname="automationTest.TestCases.HomePageTest" name="verifyLeft_Side_NAV_NO_Company_Loaded_Test" time="16.470"/>
  <system-out/>
  <testcase classname="automationTest.TestCases.HomePageTest" name="verifyLeft_Side_NAV_messages" time="24.253"/>
  <system-out/>
  <testcase classname="automationTest.TestCases.HomePageTest" name="verifyCRMHomePageTitleNameTest" time="16.356"/>
  <system-out/>
  <testcase classname="automationTest.TestCases.HomePageTest" name="verifyLoggedInName" time="16.117"/>
  <system-out/>
  <testcase classname="automationTest.TestCases.HomePageTest" name="verifyLeft_Side_NAV_quick_create" time="15.699"/>
  <system-out/>
  <testcase classname="automationTest.TestCases.HomePageTest" name="verifyLeft_Side_NAV_calendar" time="21.412"/>
  <system-out/>
  <testcase classname="automationTest.TestCases.HomePageTest" name="verifyLeft_Side_NAV_Short_List" time="16.318"/>
  <system-out/>
  <testcase classname="automationTest.TestCases.HomePageTest" name="verifyLeft_Side_NAV_mail_accounts" time="20.798"/>
  <system-out/>
  <testcase classname="automationTest.TestCases.HomePageTest" name="verifyLeft_Side_NAV_exports" time="20.690"/>
  <system-out/>
  <testcase classname="automationTest.TestCases.HomePageTest" name="verifyLeft_Side_NAV_knowledge_base" time="20.882"/>
  <system-out/>
  <testcase classname="automationTest.TestCases.HomePageTest" name="verifyLeft_Side_NAV_imports" time="19.894"/>
  <system-out/>
  <testcase classname="automationTest.TestCases.HomePageTest" name="verifyLeft_Side_NAV_add_Boxes" time="17.632"/>
  <system-out/>
  <testcase classname="automationTest.TestCases.HomePageTest" name="verifyLeft_Side_NAV_timeline" time="22.369"/>
  <system-out/>
  <testcase classname="automationTest.TestCases.HomePageTest" name="verifyLeft_Side_NAV_audit_trail" time="19.647"/>
  <system-out/>
  <testcase classname="automationTest.TestCases.HomePageTest" name="verifyLeft_Side_NAV_promotions" time="20.719"/>
  <system-out/>
  <testcase classname="automationTest.TestCases.HomePageTest" name="verifyLeft_Side_NAV_sales_targets" time="21.559"/>
  <system-out/>
</testsuite> <!-- automationTest.TestCases.HomePageTest -->
