<?xml version="1.0" encoding="UTF-8"?>
<!-- Generated by org.testng.reporters.JUnitReportReporter -->
<testsuite skipped="0" hostname="Dell-E5470" name="automationTest.TestCases.LoginPageTest" tests="3" failures="0" timestamp="2021-01-30T13:23:32 IST" time="33.735" errors="0">
  <testcase name="verifyTitleNameTest" time="9.047" classname="automationTest.TestCases.LoginPageTest"/>
  <system-out/>
  <testcase name="virifyLogoTest" time="7.888" classname="automationTest.TestCases.LoginPageTest"/>
  <system-out/>
  <testcase name="loginTest" time="16.800" classname="automationTest.TestCases.LoginPageTest"/>
  <system-out/>
</testsuite> <!-- automationTest.TestCases.LoginPageTest -->
