<?xml version="1.0" encoding="UTF-8"?>
<!-- Generated by org.testng.reporters.JUnitReportReporter -->
<testsuite skipped="0" hostname="Dell-E5470" name="automationTest.TestCases.HomePageTest" tests="27" failures="0" timestamp="2021-01-30T13:23:32 IST" time="544.282" errors="0">
  <testcase name="verifyLeft_Side_NAV_team_view" time="21.524" classname="automationTest.TestCases.HomePageTest"/>
  <system-out/>
  <testcase name="verifyLeft_Side_NAV_preferences" time="20.835" classname="automationTest.TestCases.HomePageTest"/>
  <system-out/>
  <testcase name="verifyLeft_Side_NAV_products" time="18.400" classname="automationTest.TestCases.HomePageTest"/>
  <system-out/>
  <testcase name="verifyLeft_Side_NAV_knowledge_base" time="20.048" classname="automationTest.TestCases.HomePageTest"/>
  <system-out/>
  <testcase name="verifyLeft_Side_NAV_quick_create" time="15.938" classname="automationTest.TestCases.HomePageTest"/>
  <system-out/>
  <testcase name="verifyLeft_Side_NAV_Blog" time="17.092" classname="automationTest.TestCases.HomePageTest"/>
  <system-out/>
  <testcase name="verifyLeft_Side_NAV_NO_Company_Loaded_Test" time="16.363" classname="automationTest.TestCases.HomePageTest"/>
  <system-out/>
  <testcase name="verifyCRMHomePageTitleNameTest" time="16.360" classname="automationTest.TestCases.HomePageTest"/>
  <system-out/>
  <testcase name="verify_crm_companies_Test" time="21.760" classname="automationTest.TestCases.HomePageTest"/>
  <system-out/>
  <testcase name="verifyLeft_Side_NAV_schedule_call" time="21.370" classname="automationTest.TestCases.HomePageTest"/>
  <system-out/>
  <testcase name="verifyLeft_Side_NAV_customviews" time="20.118" classname="automationTest.TestCases.HomePageTest"/>
  <system-out/>
  <testcase name="verifyLoggedInName" time="16.612" classname="automationTest.TestCases.HomePageTest"/>
  <system-out/>
  <testcase name="verifyLeft_Side_NAV_pipeline" time="23.675" classname="automationTest.TestCases.HomePageTest"/>
  <system-out/>
  <testcase name="verifyLeft_Side_NAV_messages" time="20.792" classname="automationTest.TestCases.HomePageTest"/>
  <system-out/>
  <testcase name="verifyLeft_Side_NAV_quick_alerts" time="21.914" classname="automationTest.TestCases.HomePageTest"/>
  <system-out/>
  <testcase name="verifyLeft_Side_NAV_call_list" time="20.562" classname="automationTest.TestCases.HomePageTest"/>
  <system-out/>
  <testcase name="verifyLeft_Side_NAV_timeline" time="23.352" classname="automationTest.TestCases.HomePageTest"/>
  <system-out/>
  <testcase name="verifyLeft_Side_NAV_calendar" time="21.205" classname="automationTest.TestCases.HomePageTest"/>
  <system-out/>
  <testcase name="verifyLeft_Side_NAV_exports" time="21.216" classname="automationTest.TestCases.HomePageTest"/>
  <system-out/>
  <testcase name="verifyLeft_Side_NAV_imports" time="22.916" classname="automationTest.TestCases.HomePageTest"/>
  <system-out/>
  <testcase name="verifyLeft_Side_NAV_Short_List" time="16.118" classname="automationTest.TestCases.HomePageTest"/>
  <system-out/>
  <testcase name="verifyLeft_Side_NAV_promotions" time="24.424" classname="automationTest.TestCases.HomePageTest"/>
  <system-out/>
  <testcase name="verifyLeft_Side_NAV_audit_trail" time="22.115" classname="automationTest.TestCases.HomePageTest"/>
  <system-out/>
  <testcase name="verifyLeft_Side_NAV_mail_accounts" time="22.589" classname="automationTest.TestCases.HomePageTest"/>
  <system-out/>
  <testcase name="verifyLeft_Side_NAV_resources" time="20.513" classname="automationTest.TestCases.HomePageTest"/>
  <system-out/>
  <testcase name="verifyLeft_Side_NAV_add_Boxes" time="16.077" classname="automationTest.TestCases.HomePageTest"/>
  <system-out/>
  <testcase name="verifyLeft_Side_NAV_sales_targets" time="20.394" classname="automationTest.TestCases.HomePageTest"/>
  <system-out/>
</testsuite> <!-- automationTest.TestCases.HomePageTest -->
